{"level":"info","message":"Realtime Service Initialized","service":"radar-backend","timestamp":"2026-04-24 20:40:06"}
{"level":"info","message":"FINNHUB_API_KEY missing; skipping Finnhub WebSocket stock stream.","service":"radar-backend","timestamp":"2026-04-24 20:40:06"}
{"level":"info","message":"Starting Advanced Alert Engine...","service":"radar-backend","timestamp":"2026-04-24 20:40:06"}
{"level":"info","message":"Alert Engine started","service":"radar-backend","timestamp":"2026-04-24 20:40:06"}
{"level":"info","message":"MongoDB Connected: localhost","service":"radar-backend","timestamp":"2026-04-24 20:40:06"}
{"level":"info","message":"✅ Time-series collection \"ohlcs\" created successfully","service":"radar-backend","timestamp":"2026-04-24 20:40:07"}
{"level":"info","message":"✅ Indexes created for time-series collection","service":"radar-backend","timestamp":"2026-04-24 20:40:07"}
{"level":"info","message":"Initializing data update cron job...","service":"radar-backend","timestamp":"2026-04-24 20:40:07"}
{"level":"info","message":"Data update cron job started","schedule":"*/5 * * * *","service":"radar-backend","timestamp":"2026-04-24 20:40:07","timezone":"Asia/Kolkata"}
{"level":"info","message":"Data update cron job initialized","service":"radar-backend","timestamp":"2026-04-24 20:40:07"}
{"level":"info","message":"Starting smart refresh service","service":"radar-backend","timestamp":"2026-04-24 20:40:07"}
{"level":"info","message":"Smart refresh service initialized","service":"radar-backend","timestamp":"2026-04-24 20:40:07"}
{"level":"info","message":"Server running on http://localhost:5000","service":"radar-backend","timestamp":"2026-04-24 20:40:07"}
{"level":"info","message":"Connected to Binance WebSocket","service":"radar-backend","timestamp":"2026-04-24 20:40:07"}
{"level":"debug","message":"tier1: Market closed, skipping refresh","service":"radar-backend","timestamp":"2026-04-24 20:40:08"}
{"level":"debug","message":"tier2: Market closed, skipping refresh","service":"radar-backend","timestamp":"2026-04-24 20:40:08"}
{"isMarketOpen":false,"level":"info","message":"Running initial data check on startup","service":"radar-backend","shouldFetch":false,"timestamp":"2026-04-24 20:40:12"}
{"level":"info","message":"Market closed - skipping initial update","nextOpen":"2026-04-27T03:45:00.000Z","service":"radar-backend","timestamp":"2026-04-24 20:40:12"}
{"level":"debug","message":"tier1: Market closed, skipping refresh","service":"radar-backend","timestamp":"2026-04-24 20:41:08"}
{"level":"debug","message":"tier1: Market closed, skipping refresh","service":"radar-backend","timestamp":"2026-04-24 20:42:08"}
{"level":"debug","message":"tier1: Market closed, skipping refresh","service":"radar-backend","timestamp":"2026-04-24 20:43:08"}
{"level":"debug","message":"tier1: Market closed, skipping refresh","service":"radar-backend","timestamp":"2026-04-24 20:44:08"}
{"currentTime":"2026-04-24T15:15:00.189Z","isMarketOpen":false,"level":"info","message":"Cron: Checking if update is needed","service":"radar-backend","shouldFetch":false,"timestamp":"2026-04-24 20:45:00"}
{"level":"info","message":"Cron: Market closed - skipping update","service":"radar-backend","timestamp":"2026-04-24 20:45:00"}
{"level":"debug","message":"tier2: Market closed, skipping refresh","service":"radar-backend","timestamp":"2026-04-24 20:45:08"}
{"level":"debug","message":"tier1: Market closed, skipping refresh","service":"radar-backend","timestamp":"2026-04-24 20:45:08"}
{"level":"debug","message":"tier1: Market closed, skipping refresh","service":"radar-backend","timestamp":"2026-04-24 20:46:08"}
{"level":"debug","message":"tier1: Market closed, skipping refresh","service":"radar-backend","timestamp":"2026-04-24 20:47:08"}
{"level":"debug","message":"tier1: Market closed, skipping refresh","service":"radar-backend","timestamp":"2026-04-24 20:48:08"}
{"level":"debug","message":"tier1: Market closed, skipping refresh","service":"radar-backend","timestamp":"2026-04-24 20:49:08"}
{"currentTime":"2026-04-24T15:20:00.019Z","isMarketOpen":false,"level":"info","message":"Cron: Checking if update is needed","service":"radar-backend","shouldFetch":false,"timestamp":"2026-04-24 20:50:00"}
{"level":"info","message":"Cron: Market closed - skipping update","service":"radar-backend","timestamp":"2026-04-24 20:50:00"}
{"level":"debug","message":"tier2: Market closed, skipping refresh","service":"radar-backend","timestamp":"2026-04-24 20:50:08"}
{"level":"debug","message":"tier1: Market closed, skipping refresh","service":"radar-backend","timestamp":"2026-04-24 20:50:08"}
{"level":"info","message":"User connected: gdGk9zQa_fLNJhCbAAAC","service":"radar-backend","timestamp":"2026-04-24 20:50:41"}
{"level":"debug","message":"tier1: Market closed, skipping refresh","service":"radar-backend","timestamp":"2026-04-24 20:51:08"}
{"level":"debug","message":"tier1: Market closed, skipping refresh","service":"radar-backend","timestamp":"2026-04-24 20:52:08"}
{"level":"debug","message":"tier1: Market closed, skipping refresh","service":"radar-backend","timestamp":"2026-04-24 20:53:08"}
{"level":"debug","message":"tier1: Market closed, skipping refresh","service":"radar-backend","timestamp":"2026-04-24 20:54:08"}
{"currentTime":"2026-04-24T15:25:00.016Z","isMarketOpen":false,"level":"info","message":"Cron: Checking if update is needed","service":"radar-backend","shouldFetch":false,"timestamp":"2026-04-24 20:55:00"}
{"level":"info","message":"Cron: Market closed - skipping update","service":"radar-backend","timestamp":"2026-04-24 20:55:00"}
{"level":"debug","message":"tier2: Market closed, skipping refresh","service":"radar-backend","timestamp":"2026-04-24 20:55:08"}
{"level":"debug","message":"tier1: Market closed, skipping refresh","service":"radar-backend","timestamp":"2026-04-24 20:55:08"}
{"level":"info","message":"User disconnected: gdGk9zQa_fLNJhCbAAAC","service":"radar-backend","timestamp":"2026-04-24 20:55:42"}
{"level":"info","message":"User connected: 5EDvc7RBZPv8XSDKAAAE","service":"radar-backend","timestamp":"2026-04-24 20:55:43"}
{"level":"debug","message":"tier1: Market closed, skipping refresh","service":"radar-backend","timestamp":"2026-04-24 20:56:08"}
{"level":"debug","message":"tier1: Market closed, skipping refresh","service":"radar-backend","timestamp":"2026-04-24 20:57:08"}
{"level":"debug","message":"tier1: Market closed, skipping refresh","service":"radar-backend","timestamp":"2026-04-24 20:58:08"}
{"level":"debug","message":"tier1: Market closed, skipping refresh","service":"radar-backend","timestamp":"2026-04-24 20:59:08"}
{"currentTime":"2026-04-24T15:30:00.051Z","isMarketOpen":false,"level":"info","message":"Cron: Checking if update is needed","service":"radar-backend","shouldFetch":false,"timestamp":"2026-04-24 21:00:00"}
{"level":"info","message":"Cron: Market closed - skipping update","service":"radar-backend","timestamp":"2026-04-24 21:00:00"}
{"level":"debug","message":"tier2: Market closed, skipping refresh","service":"radar-backend","timestamp":"2026-04-24 21:00:08"}
{"level":"debug","message":"tier1: Market closed, skipping refresh","service":"radar-backend","timestamp":"2026-04-24 21:00:08"}
{"level":"info","message":"User disconnected: 5EDvc7RBZPv8XSDKAAAE","service":"radar-backend","timestamp":"2026-04-24 21:00:33"}
{"level":"info","message":"User connected: lSMj7kqrWY4Y5bhoAAAH","service":"radar-backend","timestamp":"2026-04-24 21:00:34"}
{"level":"debug","message":"tier1: Market closed, skipping refresh","service":"radar-backend","timestamp":"2026-04-24 21:01:08"}
{"level":"debug","message":"tier1: Market closed, skipping refresh","service":"radar-backend","timestamp":"2026-04-24 21:02:08"}
{"level":"info","message":"Realtime Service Initialized","service":"radar-backend","timestamp":"2026-04-24 21:02:55"}
{"level":"info","message":"FINNHUB_API_KEY missing; skipping Finnhub WebSocket stock stream.","service":"radar-backend","timestamp":"2026-04-24 21:02:55"}
{"level":"info","message":"Starting Advanced Alert Engine...","service":"radar-backend","timestamp":"2026-04-24 21:02:55"}
{"level":"info","message":"Alert Engine started","service":"radar-backend","timestamp":"2026-04-24 21:02:55"}
{"level":"info","message":"MongoDB Connected: localhost","service":"radar-backend","timestamp":"2026-04-24 21:02:55"}
{"level":"info","message":"Time-series collection \"ohlcs\" already exists","service":"radar-backend","timestamp":"2026-04-24 21:02:55"}
{"level":"info","message":"Initializing data update cron job...","service":"radar-backend","timestamp":"2026-04-24 21:02:55"}
{"level":"info","message":"Data update cron job started","schedule":"*/5 * * * *","service":"radar-backend","timestamp":"2026-04-24 21:02:55","timezone":"Asia/Kolkata"}
{"level":"info","message":"Data update cron job initialized","service":"radar-backend","timestamp":"2026-04-24 21:02:55"}
{"level":"info","message":"Starting smart refresh service","service":"radar-backend","timestamp":"2026-04-24 21:02:55"}
{"level":"info","message":"Smart refresh service initialized","service":"radar-backend","timestamp":"2026-04-24 21:02:55"}
{"level":"info","message":"Server running on http://localhost:5000","service":"radar-backend","timestamp":"2026-04-24 21:02:55"}
{"level":"info","message":"User connected: l6ckyiLQHBY177CKAAAB","service":"radar-backend","timestamp":"2026-04-24 21:02:55"}
{"level":"info","message":"Connected to Binance WebSocket","service":"radar-backend","timestamp":"2026-04-24 21:02:56"}
{"level":"debug","message":"tier1: Market closed, skipping refresh","service":"radar-backend","timestamp":"2026-04-24 21:02:56"}
{"level":"debug","message":"tier2: Market closed, skipping refresh","service":"radar-backend","timestamp":"2026-04-24 21:02:56"}
{"isMarketOpen":false,"level":"info","message":"Running initial data check on startup","service":"radar-backend","shouldFetch":false,"timestamp":"2026-04-24 21:03:00"}
{"level":"info","message":"Market closed - skipping initial update","nextOpen":"2026-04-27T03:45:00.000Z","service":"radar-backend","timestamp":"2026-04-24 21:03:00"}
{"level":"info","message":"Realtime Service Initialized","service":"radar-backend","timestamp":"2026-04-24 21:03:11"}
{"level":"info","message":"FINNHUB_API_KEY missing; skipping Finnhub WebSocket stock stream.","service":"radar-backend","timestamp":"2026-04-24 21:03:11"}
{"level":"info","message":"Starting Advanced Alert Engine...","service":"radar-backend","timestamp":"2026-04-24 21:03:11"}
{"level":"info","message":"Alert Engine started","service":"radar-backend","timestamp":"2026-04-24 21:03:11"}
{"level":"info","message":"MongoDB Connected: localhost","service":"radar-backend","timestamp":"2026-04-24 21:03:11"}
{"level":"info","message":"Time-series collection \"ohlcs\" already exists","service":"radar-backend","timestamp":"2026-04-24 21:03:11"}
{"level":"info","message":"Initializing data update cron job...","service":"radar-backend","timestamp":"2026-04-24 21:03:11"}
{"level":"info","message":"Data update cron job started","schedule":"*/5 * * * *","service":"radar-backend","timestamp":"2026-04-24 21:03:11","timezone":"Asia/Kolkata"}
{"level":"info","message":"Data update cron job initialized","service":"radar-backend","timestamp":"2026-04-24 21:03:11"}
{"level":"info","message":"Starting smart refresh service","service":"radar-backend","timestamp":"2026-04-24 21:03:11"}
{"level":"info","message":"Smart refresh service initialized","service":"radar-backend","timestamp":"2026-04-24 21:03:11"}
{"level":"info","message":"Server running on http://localhost:5000","service":"radar-backend","timestamp":"2026-04-24 21:03:11"}
{"level":"info","message":"Connected to Binance WebSocket","service":"radar-backend","timestamp":"2026-04-24 21:03:12"}
{"level":"info","message":"User connected: AApBQXpYstxRpQOjAAAB","service":"radar-backend","timestamp":"2026-04-24 21:03:12"}
{"level":"debug","message":"tier1: Market closed, skipping refresh","service":"radar-backend","timestamp":"2026-04-24 21:03:12"}
{"level":"debug","message":"tier2: Market closed, skipping refresh","service":"radar-backend","timestamp":"2026-04-24 21:03:12"}
{"isMarketOpen":false,"level":"info","message":"Running initial data check on startup","service":"radar-backend","shouldFetch":false,"timestamp":"2026-04-24 21:03:16"}
{"level":"info","message":"Market closed - skipping initial update","nextOpen":"2026-04-27T03:45:00.000Z","service":"radar-backend","timestamp":"2026-04-24 21:03:16"}
{"level":"debug","message":"tier1: Market closed, skipping refresh","service":"radar-backend","timestamp":"2026-04-24 21:04:12"}
{"currentTime":"2026-04-24T15:35:00.027Z","isMarketOpen":false,"level":"info","message":"Cron: Checking if update is needed","service":"radar-backend","shouldFetch":false,"timestamp":"2026-04-24 21:05:00"}
{"level":"info","message":"Cron: Market closed - skipping update","service":"radar-backend","timestamp":"2026-04-24 21:05:00"}
{"level":"debug","message":"tier1: Market closed, skipping refresh","service":"radar-backend","timestamp":"2026-04-24 21:05:12"}
{"level":"debug","message":"tier1: Market closed, skipping refresh","service":"radar-backend","timestamp":"2026-04-24 21:06:12"}
{"level":"debug","message":"tier1: Market closed, skipping refresh","service":"radar-backend","timestamp":"2026-04-24 21:07:12"}
{"level":"debug","message":"tier2: Market closed, skipping refresh","service":"radar-backend","timestamp":"2026-04-24 21:08:12"}
{"level":"debug","message":"tier1: Market closed, skipping refresh","service":"radar-backend","timestamp":"2026-04-24 21:08:12"}
{"level":"info","message":"User disconnected: AApBQXpYstxRpQOjAAAB","service":"radar-backend","timestamp":"2026-04-24 21:08:30"}
{"level":"debug","message":"tier1: Market closed, skipping refresh","service":"radar-backend","timestamp":"2026-04-24 21:09:12"}
{"currentTime":"2026-04-24T15:40:00.019Z","isMarketOpen":false,"level":"info","message":"Cron: Checking if update is needed","service":"radar-backend","shouldFetch":false,"timestamp":"2026-04-24 21:10:00"}
{"level":"info","message":"Cron: Market closed - skipping update","service":"radar-backend","timestamp":"2026-04-24 21:10:00"}
{"level":"debug","message":"tier1: Market closed, skipping refresh","service":"radar-backend","timestamp":"2026-04-24 21:10:12"}
{"level":"debug","message":"tier1: Market closed, skipping refresh","service":"radar-backend","timestamp":"2026-04-24 21:11:12"}
{"level":"debug","message":"tier1: Market closed, skipping refresh","service":"radar-backend","timestamp":"2026-04-24 21:12:12"}
{"level":"debug","message":"tier2: Market closed, skipping refresh","service":"radar-backend","timestamp":"2026-04-24 21:13:12"}
{"level":"debug","message":"tier1: Market closed, skipping refresh","service":"radar-backend","timestamp":"2026-04-24 21:13:12"}
{"level":"debug","message":"tier1: Market closed, skipping refresh","service":"radar-backend","timestamp":"2026-04-24 21:14:12"}
{"level":"info","message":"User connected: LzKp5_g4nk1_S8BiAAAE","service":"radar-backend","timestamp":"2026-04-24 21:14:36"}
{"level":"info","message":"User disconnected: LzKp5_g4nk1_S8BiAAAE","service":"radar-backend","timestamp":"2026-04-24 21:14:38"}
{"level":"info","message":"User connected: oFClZniR50Z04xVaAAAH","service":"radar-backend","timestamp":"2026-04-24 21:14:38"}
{"level":"info","message":"User disconnected: oFClZniR50Z04xVaAAAH","service":"radar-backend","timestamp":"2026-04-24 21:14:41"}
{"level":"info","message":"Retrieved 0 OHLC records for JDI","service":"radar-backend","timestamp":"2026-04-24 21:14:41"}
{"level":"info","message":"Retrieved 0 OHLC records for JDI","service":"radar-backend","timestamp":"2026-04-24 21:14:41"}
{"currentTime":"2026-04-24T15:45:00.023Z","isMarketOpen":false,"level":"info","message":"Cron: Checking if update is needed","service":"radar-backend","shouldFetch":false,"timestamp":"2026-04-24 21:15:00"}
{"level":"info","message":"Cron: Market closed - skipping update","service":"radar-backend","timestamp":"2026-04-24 21:15:00"}
{"level":"debug","message":"tier1: Market closed, skipping refresh","service":"radar-backend","timestamp":"2026-04-24 21:15:12"}
{"level":"debug","message":"tier1: Market closed, skipping refresh","service":"radar-backend","timestamp":"2026-04-24 21:16:12"}
{"level":"debug","message":"tier1: Market closed, skipping refresh","service":"radar-backend","timestamp":"2026-04-24 21:17:12"}
{"level":"debug","message":"tier2: Market closed, skipping refresh","service":"radar-backend","timestamp":"2026-04-24 21:18:12"}
{"level":"debug","message":"tier1: Market closed, skipping refresh","service":"radar-backend","timestamp":"2026-04-24 21:18:12"}
{"level":"debug","message":"tier1: Market closed, skipping refresh","service":"radar-backend","timestamp":"2026-04-24 21:19:12"}
{"currentTime":"2026-04-24T15:50:00.016Z","isMarketOpen":false,"level":"info","message":"Cron: Checking if update is needed","service":"radar-backend","shouldFetch":false,"timestamp":"2026-04-24 21:20:00"}
{"level":"info","message":"Cron: Market closed - skipping update","service":"radar-backend","timestamp":"2026-04-24 21:20:00"}
{"level":"debug","message":"tier1: Market closed, skipping refresh","service":"radar-backend","timestamp":"2026-04-24 21:20:12"}
{"level":"debug","message":"tier1: Market closed, skipping refresh","service":"radar-backend","timestamp":"2026-04-24 21:21:12"}
{"level":"debug","message":"tier1: Market closed, skipping refresh","service":"radar-backend","timestamp":"2026-04-24 21:22:12"}
{"level":"debug","message":"tier2: Market closed, skipping refresh","service":"radar-backend","timestamp":"2026-04-24 21:23:12"}
{"level":"debug","message":"tier1: Market closed, skipping refresh","service":"radar-backend","timestamp":"2026-04-24 21:23:13"}
{"level":"debug","message":"tier1: Market closed, skipping refresh","service":"radar-backend","timestamp":"2026-04-24 21:24:13"}
{"currentTime":"2026-04-24T15:55:00.024Z","isMarketOpen":false,"level":"info","message":"Cron: Checking if update is needed","service":"radar-backend","shouldFetch":false,"timestamp":"2026-04-24 21:25:00"}
{"level":"info","message":"Cron: Market closed - skipping update","service":"radar-backend","timestamp":"2026-04-24 21:25:00"}
{"level":"debug","message":"tier1: Market closed, skipping refresh","service":"radar-backend","timestamp":"2026-04-24 21:25:13"}
{"level":"debug","message":"tier1: Market closed, skipping refresh","service":"radar-backend","timestamp":"2026-04-24 21:26:13"}
{"level":"debug","message":"tier1: Market closed, skipping refresh","service":"radar-backend","timestamp":"2026-04-24 21:27:13"}
{"level":"debug","message":"tier2: Market closed, skipping refresh","service":"radar-backend","timestamp":"2026-04-24 21:28:12"}
{"level":"debug","message":"tier1: Market closed, skipping refresh","service":"radar-backend","timestamp":"2026-04-24 21:28:13"}
{"level":"debug","message":"tier1: Market closed, skipping refresh","service":"radar-backend","timestamp":"2026-04-24 21:29:13"}
{"currentTime":"2026-04-24T16:00:00.017Z","isMarketOpen":false,"level":"info","message":"Cron: Checking if update is needed","service":"radar-backend","shouldFetch":false,"timestamp":"2026-04-24 21:30:00"}
{"level":"info","message":"Cron: Market closed - skipping update","service":"radar-backend","timestamp":"2026-04-24 21:30:00"}
{"level":"debug","message":"tier1: Market closed, skipping refresh","service":"radar-backend","timestamp":"2026-04-24 21:30:13"}
{"level":"debug","message":"tier1: Market closed, skipping refresh","service":"radar-backend","timestamp":"2026-04-24 21:31:13"}
{"level":"debug","message":"tier1: Market closed, skipping refresh","service":"radar-backend","timestamp":"2026-04-24 21:32:13"}
{"level":"debug","message":"tier2: Market closed, skipping refresh","service":"radar-backend","timestamp":"2026-04-24 21:33:12"}
{"level":"debug","message":"tier1: Market closed, skipping refresh","service":"radar-backend","timestamp":"2026-04-24 21:33:13"}
{"level":"debug","message":"tier1: Market closed, skipping refresh","service":"radar-backend","timestamp":"2026-04-24 21:34:13"}
{"currentTime":"2026-04-24T16:05:00.019Z","isMarketOpen":false,"level":"info","message":"Cron: Checking if update is needed","service":"radar-backend","shouldFetch":false,"timestamp":"2026-04-24 21:35:00"}
{"level":"info","message":"Cron: Market closed - skipping update","service":"radar-backend","timestamp":"2026-04-24 21:35:00"}
{"level":"debug","message":"tier1: Market closed, skipping refresh","service":"radar-backend","timestamp":"2026-04-24 21:35:13"}
{"level":"debug","message":"tier1: Market closed, skipping refresh","service":"radar-backend","timestamp":"2026-04-24 21:36:13"}
{"level":"debug","message":"tier1: Market closed, skipping refresh","service":"radar-backend","timestamp":"2026-04-24 21:37:13"}
{"level":"debug","message":"tier2: Market closed, skipping refresh","service":"radar-backend","timestamp":"2026-04-24 21:38:12"}
{"level":"debug","message":"tier1: Market closed, skipping refresh","service":"radar-backend","timestamp":"2026-04-24 21:38:13"}
{"level":"debug","message":"tier1: Market closed, skipping refresh","service":"radar-backend","timestamp":"2026-04-24 21:39:13"}
{"currentTime":"2026-04-24T16:10:00.028Z","isMarketOpen":false,"level":"info","message":"Cron: Checking if update is needed","service":"radar-backend","shouldFetch":false,"timestamp":"2026-04-24 21:40:00"}
{"level":"info","message":"Cron: Market closed - skipping update","service":"radar-backend","timestamp":"2026-04-24 21:40:00"}
{"level":"debug","message":"tier1: Market closed, skipping refresh","service":"radar-backend","timestamp":"2026-04-24 21:40:13"}
{"level":"debug","message":"tier1: Market closed, skipping refresh","service":"radar-backend","timestamp":"2026-04-24 21:41:13"}
{"level":"debug","message":"tier1: Market closed, skipping refresh","service":"radar-backend","timestamp":"2026-04-24 21:42:13"}
{"level":"debug","message":"tier2: Market closed, skipping refresh","service":"radar-backend","timestamp":"2026-04-24 21:43:12"}
{"level":"debug","message":"tier1: Market closed, skipping refresh","service":"radar-backend","timestamp":"2026-04-24 21:43:13"}
{"level":"debug","message":"tier1: Market closed, skipping refresh","service":"radar-backend","timestamp":"2026-04-24 21:44:13"}
{"currentTime":"2026-04-24T16:15:00.017Z","isMarketOpen":false,"level":"info","message":"Cron: Checking if update is needed","service":"radar-backend","shouldFetch":false,"timestamp":"2026-04-24 21:45:00"}
{"level":"info","message":"Cron: Market closed - skipping update","service":"radar-backend","timestamp":"2026-04-24 21:45:00"}
{"level":"debug","message":"tier1: Market closed, skipping refresh","service":"radar-backend","timestamp":"2026-04-24 21:45:13"}
{"level":"debug","message":"tier1: Market closed, skipping refresh","service":"radar-backend","timestamp":"2026-04-24 21:46:13"}
